<?xml version="1.0" encoding="UTF-8" ?>
<testsuite tests="16" failures="0" name="Test.MyBatisTest" time="0.666" errors="5" skipped="0">
  <properties>
[...]
</properties>
  <testcase classname="Test.MyBatisTest" name="updateCustomerBySetTest" time="0.058"/>
  <testcase classname="Test.MyBatisTest" name="findBookByIdTestG1" time="0.08"/>
  <testcase classname="Test.MyBatisTest" name="findBookByIdTestG2" time="0.086"/>
  <testcase classname="Test.MyBatisTest" name="findAllStudentTest" time="0.032"/>
  <testcase classname="Test.MyBatisTest" name="findByListTest" time="0.058"/>
  <testcase classname="Test.MyBatisTest" name="findCustomerByNameAndJobsTest" time="0.052"/>
  <testcase classname="Test.MyBatisTest" name="findCustomerByNameAndJobsG2Test" time="0.038"/>
  <testcase classname="Test.MyBatisTest" name="findCustomerByNameAndJobsG3Test" time="0.03"/>
  <testcase classname="Test.MyBatisTest" name="findByArrayTest" time="0.029"/>
  <testcase classname="Test.MyBatisTest" name="findOrdersTest" time="0.024">
    <error message="
### Error querying database.  Cause: java.lang.IllegalArgumentException: Mapped Statements collection does not contain value for mapper.OrdersMapper.findOrdersWithProduct
### Cause: java.lang.IllegalArgumentException: Mapped Statements collection does not contain value for mapper.OrdersMapper.findOrdersWithProduct" type="org.apache.ibatis.exceptions.PersistenceException">org.apache.ibatis.exceptions.PersistenceException: 
### Error querying database.  Cause: java.lang.IllegalArgumentException: Mapped Statements collection does not contain value for mapper.OrdersMapper.findOrdersWithProduct
### Cause: java.lang.IllegalArgumentException: Mapped Statements collection does not contain value for mapper.OrdersMapper.findOrdersWithProduct
	at org.apache.ibatis.exceptions.ExceptionFactory.wrapException(ExceptionFactory.java:30)
	at org.apache.ibatis.session.defaults.DefaultSqlSession.selectList(DefaultSqlSession.java:153)
	at org.apache.ibatis.session.defaults.DefaultSqlSession.selectList(DefaultSqlSession.java:145)
	at org.apache.ibatis.session.defaults.DefaultSqlSession.selectList(DefaultSqlSession.java:140)
	at org.apache.ibatis.session.defaults.DefaultSqlSession.selectOne(DefaultSqlSession.java:76)
	at Test.MyBatisTest.findOrdersTest(MyBatisTest.java:150)
	at java.base/jdk.internal.reflect.DirectMethodHandleAccessor.invoke(DirectMethodHandleAccessor.java:104)
	at java.base/java.lang.reflect.Method.invoke(Method.java:577)
	at org.junit.runners.model.FrameworkMethod$1.runReflectiveCall(FrameworkMethod.java:59)
	at org.junit.internal.runners.model.ReflectiveCallable.run(ReflectiveCallable.java:12)
	at org.junit.runners.model.FrameworkMethod.invokeExplosively(FrameworkMethod.java:56)
	at org.junit.internal.runners.statements.InvokeMethod.evaluate(InvokeMethod.java:17)
	at org.junit.internal.runners.statements.RunBefores.evaluate(RunBefores.java:26)
	at org.junit.internal.runners.statements.RunAfters.evaluate(RunAfters.java:27)
	at org.junit.runners.ParentRunner$3.evaluate(ParentRunner.java:306)
	at org.junit.runners.BlockJUnit4ClassRunner$1.evaluate(BlockJUnit4ClassRunner.java:100)
	at org.junit.runners.ParentRunner.runLeaf(ParentRunner.java:366)
	at org.junit.runners.BlockJUnit4ClassRunner.runChild(BlockJUnit4ClassRunner.java:103)
	at org.junit.runners.BlockJUnit4ClassRunner.runChild(BlockJUnit4ClassRunner.java:63)
	at org.junit.runners.ParentRunner$4.run(ParentRunner.java:331)
	at org.junit.runners.ParentRunner$1.schedule(ParentRunner.java:79)
	at org.junit.runners.ParentRunner.runChildren(ParentRunner.java:329)
	at org.junit.runners.ParentRunner.access$100(ParentRunner.java:66)
	at org.junit.runners.ParentRunner$2.evaluate(ParentRunner.java:293)
	at org.junit.runners.ParentRunner$3.evaluate(ParentRunner.java:306)
	at org.junit.runners.ParentRunner.run(ParentRunner.java:413)
	at org.apache.maven.surefire.junit4.JUnit4Provider.execute(JUnit4Provider.java:252)
	at org.apache.maven.surefire.junit4.JUnit4Provider.executeTestSet(JUnit4Provider.java:141)
	at org.apache.maven.surefire.junit4.JUnit4Provider.invoke(JUnit4Provider.java:112)
	at java.base/jdk.internal.reflect.DirectMethodHandleAccessor.invoke(DirectMethodHandleAccessor.java:104)
	at java.base/java.lang.reflect.Method.invoke(Method.java:577)
	at org.apache.maven.surefire.util.ReflectionUtils.invokeMethodWithArray(ReflectionUtils.java:189)
	at org.apache.maven.surefire.booter.ProviderFactory$ProviderProxy.invoke(ProviderFactory.java:165)
	at org.apache.maven.surefire.booter.ProviderFactory.invokeProvider(ProviderFactory.java:85)
	at org.apache.maven.surefire.booter.ForkedBooter.runSuitesInProcess(ForkedBooter.java:115)
	at org.apache.maven.surefire.booter.ForkedBooter.main(ForkedBooter.java:75)
Caused by: java.lang.IllegalArgumentException: Mapped Statements collection does not contain value for mapper.OrdersMapper.findOrdersWithProduct
	at org.apache.ibatis.session.Configuration$StrictMap.get(Configuration.java:1063)
	at org.apache.ibatis.session.Configuration.getMappedStatement(Configuration.java:853)
	at org.apache.ibatis.session.Configuration.getMappedStatement(Configuration.java:846)
	at org.apache.ibatis.session.defaults.DefaultSqlSession.selectList(DefaultSqlSession.java:150)
	... 34 more
</error>
    <system-out>2022-08-29 15:17:03,301[main]DEBUG[org.apache.ibatis.io.ResolverUtil]-Checking to see if class pojo.User matches criteria [is assignable to Object]
2022-08-29 15:17:03,301[main]DEBUG[org.apache.ibatis.io.ResolverUtil]-Checking to see if class pojo.Student matches criteria [is assignable to Object]
2022-08-29 15:17:03,301[main]DEBUG[org.apache.ibatis.io.ResolverUtil]-Checking to see if class pojo.Customer matches criteria [is assignable to Object]
2022-08-29 15:17:03,301[main]DEBUG[org.apache.ibatis.io.ResolverUtil]-Checking to see if class pojo.IdCard matches criteria [is assignable to Object]
2022-08-29 15:17:03,301[main]DEBUG[org.apache.ibatis.io.ResolverUtil]-Checking to see if class pojo.Person matches criteria [is assignable to Object]
2022-08-29 15:17:03,301[main]DEBUG[org.apache.ibatis.io.ResolverUtil]-Checking to see if class pojo.Orders matches criteria [is assignable to Object]
2022-08-29 15:17:03,301[main]DEBUG[org.apache.ibatis.io.ResolverUtil]-Checking to see if class pojo.Product matches criteria [is assignable to Object]
2022-08-29 15:17:03,301[main]DEBUG[org.apache.ibatis.io.ResolverUtil]-Checking to see if class pojo.Users matches criteria [is assignable to Object]
2022-08-29 15:17:03,301[main]DEBUG[org.apache.ibatis.io.ResolverUtil]-Checking to see if class pojo.Book matches criteria [is assignable to Object]
2022-08-29 15:17:03,301[main]DEBUG[org.apache.ibatis.io.ResolverUtil]-Checking to see if class pojo.Worker matches criteria [is assignable to Object]
2022-08-29 15:17:03,302[main]DEBUG[org.apache.ibatis.datasource.pooled.PooledDataSource]-PooledDataSource forcefully closed/removed all connections.
2022-08-29 15:17:03,302[main]DEBUG[org.apache.ibatis.datasource.pooled.PooledDataSource]-PooledDataSource forcefully closed/removed all connections.
2022-08-29 15:17:03,302[main]DEBUG[org.apache.ibatis.datasource.pooled.PooledDataSource]-PooledDataSource forcefully closed/removed all connections.
2022-08-29 15:17:03,302[main]DEBUG[org.apache.ibatis.datasource.pooled.PooledDataSource]-PooledDataSource forcefully closed/removed all connections.
2022-08-29 15:17:03,308[Finalizer]DEBUG[org.apache.ibatis.datasource.pooled.PooledDataSource]-PooledDataSource forcefully closed/removed all connections.
2022-08-29 15:17:03,315[main]DEBUG[org.apache.ibatis.io.ResolverUtil]-Checking to see if class mapper.UserMapperTest matches criteria [is assignable to Object]
2022-08-29 15:17:03,316[main]DEBUG[org.apache.ibatis.io.ResolverUtil]-Checking to see if class mapper.UserMapper matches criteria [is assignable to Object]
</system-out>
  </testcase>
  <testcase classname="Test.MyBatisTest" name="findOrdersG2Test" time="0.037">
    <error message="
### Error querying database.  Cause: java.lang.IllegalArgumentException: Mapped Statements collection does not contain value for mapper.OrdersMapper.findOrdersWithProductG2
### Cause: java.lang.IllegalArgumentException: Mapped Statements collection does not contain value for mapper.OrdersMapper.findOrdersWithProductG2" type="org.apache.ibatis.exceptions.PersistenceException">org.apache.ibatis.exceptions.PersistenceException: 
### Error querying database.  Cause: java.lang.IllegalArgumentException: Mapped Statements collection does not contain value for mapper.OrdersMapper.findOrdersWithProductG2
### Cause: java.lang.IllegalArgumentException: Mapped Statements collection does not contain value for mapper.OrdersMapper.findOrdersWithProductG2
	at org.apache.ibatis.exceptions.ExceptionFactory.wrapException(ExceptionFactory.java:30)
	at org.apache.ibatis.session.defaults.DefaultSqlSession.selectList(DefaultSqlSession.java:153)
	at org.apache.ibatis.session.defaults.DefaultSqlSession.selectList(DefaultSqlSession.java:145)
	at org.apache.ibatis.session.defaults.DefaultSqlSession.selectList(DefaultSqlSession.java:140)
	at org.apache.ibatis.session.defaults.DefaultSqlSession.selectOne(DefaultSqlSession.java:76)
	at Test.MyBatisTest.findOrdersG2Test(MyBatisTest.java:156)
	at java.base/jdk.internal.reflect.DirectMethodHandleAccessor.invoke(DirectMethodHandleAccessor.java:104)
	at java.base/java.lang.reflect.Method.invoke(Method.java:577)
	at org.junit.runners.model.FrameworkMethod$1.runReflectiveCall(FrameworkMethod.java:59)
	at org.junit.internal.runners.model.ReflectiveCallable.run(ReflectiveCallable.java:12)
	at org.junit.runners.model.FrameworkMethod.invokeExplosively(FrameworkMethod.java:56)
	at org.junit.internal.runners.statements.InvokeMethod.evaluate(InvokeMethod.java:17)
	at org.junit.internal.runners.statements.RunBefores.evaluate(RunBefores.java:26)
	at org.junit.internal.runners.statements.RunAfters.evaluate(RunAfters.java:27)
	at org.junit.runners.ParentRunner$3.evaluate(ParentRunner.java:306)
	at org.junit.runners.BlockJUnit4ClassRunner$1.evaluate(BlockJUnit4ClassRunner.java:100)
	at org.junit.runners.ParentRunner.runLeaf(ParentRunner.java:366)
	at org.junit.runners.BlockJUnit4ClassRunner.runChild(BlockJUnit4ClassRunner.java:103)
	at org.junit.runners.BlockJUnit4ClassRunner.runChild(BlockJUnit4ClassRunner.java:63)
	at org.junit.runners.ParentRunner$4.run(ParentRunner.java:331)
	at org.junit.runners.ParentRunner$1.schedule(ParentRunner.java:79)
	at org.junit.runners.ParentRunner.runChildren(ParentRunner.java:329)
	at org.junit.runners.ParentRunner.access$100(ParentRunner.java:66)
	at org.junit.runners.ParentRunner$2.evaluate(ParentRunner.java:293)
	at org.junit.runners.ParentRunner$3.evaluate(ParentRunner.java:306)
	at org.junit.runners.ParentRunner.run(ParentRunner.java:413)
	at org.apache.maven.surefire.junit4.JUnit4Provider.execute(JUnit4Provider.java:252)
	at org.apache.maven.surefire.junit4.JUnit4Provider.executeTestSet(JUnit4Provider.java:141)
	at org.apache.maven.surefire.junit4.JUnit4Provider.invoke(JUnit4Provider.java:112)
	at java.base/jdk.internal.reflect.DirectMethodHandleAccessor.invoke(DirectMethodHandleAccessor.java:104)
	at java.base/java.lang.reflect.Method.invoke(Method.java:577)
	at org.apache.maven.surefire.util.ReflectionUtils.invokeMethodWithArray(ReflectionUtils.java:189)
	at org.apache.maven.surefire.booter.ProviderFactory$ProviderProxy.invoke(ProviderFactory.java:165)
	at org.apache.maven.surefire.booter.ProviderFactory.invokeProvider(ProviderFactory.java:85)
	at org.apache.maven.surefire.booter.ForkedBooter.runSuitesInProcess(ForkedBooter.java:115)
	at org.apache.maven.surefire.booter.ForkedBooter.main(ForkedBooter.java:75)
Caused by: java.lang.IllegalArgumentException: Mapped Statements collection does not contain value for mapper.OrdersMapper.findOrdersWithProductG2
	at org.apache.ibatis.session.Configuration$StrictMap.get(Configuration.java:1063)
	at org.apache.ibatis.session.Configuration.getMappedStatement(Configuration.java:853)
	at org.apache.ibatis.session.Configuration.getMappedStatement(Configuration.java:846)
	at org.apache.ibatis.session.defaults.DefaultSqlSession.selectList(DefaultSqlSession.java:150)
	... 34 more
</error>
    <system-out>2022-08-29 15:17:03,325[main]DEBUG[org.apache.ibatis.io.ResolverUtil]-Checking to see if class pojo.User matches criteria [is assignable to Object]
2022-08-29 15:17:03,325[main]DEBUG[org.apache.ibatis.io.ResolverUtil]-Checking to see if class pojo.Student matches criteria [is assignable to Object]
2022-08-29 15:17:03,325[main]DEBUG[org.apache.ibatis.io.ResolverUtil]-Checking to see if class pojo.Customer matches criteria [is assignable to Object]
2022-08-29 15:17:03,325[main]DEBUG[org.apache.ibatis.io.ResolverUtil]-Checking to see if class pojo.IdCard matches criteria [is assignable to Object]
2022-08-29 15:17:03,325[main]DEBUG[org.apache.ibatis.io.ResolverUtil]-Checking to see if class pojo.Person matches criteria [is assignable to Object]
2022-08-29 15:17:03,325[main]DEBUG[org.apache.ibatis.io.ResolverUtil]-Checking to see if class pojo.Orders matches criteria [is assignable to Object]
2022-08-29 15:17:03,326[main]DEBUG[org.apache.ibatis.io.ResolverUtil]-Checking to see if class pojo.Product matches criteria [is assignable to Object]
2022-08-29 15:17:03,326[main]DEBUG[org.apache.ibatis.io.ResolverUtil]-Checking to see if class pojo.Users matches criteria [is assignable to Object]
2022-08-29 15:17:03,326[main]DEBUG[org.apache.ibatis.io.ResolverUtil]-Checking to see if class pojo.Book matches criteria [is assignable to Object]
2022-08-29 15:17:03,326[main]DEBUG[org.apache.ibatis.io.ResolverUtil]-Checking to see if class pojo.Worker matches criteria [is assignable to Object]
2022-08-29 15:17:03,327[main]DEBUG[org.apache.ibatis.datasource.pooled.PooledDataSource]-PooledDataSource forcefully closed/removed all connections.
2022-08-29 15:17:03,327[main]DEBUG[org.apache.ibatis.datasource.pooled.PooledDataSource]-PooledDataSource forcefully closed/removed all connections.
2022-08-29 15:17:03,327[main]DEBUG[org.apache.ibatis.datasource.pooled.PooledDataSource]-PooledDataSource forcefully closed/removed all connections.
2022-08-29 15:17:03,327[main]DEBUG[org.apache.ibatis.datasource.pooled.PooledDataSource]-PooledDataSource forcefully closed/removed all connections.
2022-08-29 15:17:03,339[Finalizer]DEBUG[org.apache.ibatis.datasource.pooled.PooledDataSource]-PooledDataSource forcefully closed/removed all connections.
2022-08-29 15:17:03,352[main]DEBUG[org.apache.ibatis.io.ResolverUtil]-Checking to see if class mapper.UserMapperTest matches criteria [is assignable to Object]
2022-08-29 15:17:03,352[main]DEBUG[org.apache.ibatis.io.ResolverUtil]-Checking to see if class mapper.UserMapper matches criteria [is assignable to Object]
</system-out>
  </testcase>
  <testcase classname="Test.MyBatisTest" name="findCustomerByNameOrJobsTest" time="0.043"/>
  <testcase classname="Test.MyBatisTest" name="findPersonByIdTest" time="0.037">
    <error message="
### Error querying database.  Cause: java.lang.IllegalArgumentException: Mapped Statements collection does not contain value for mapper.PersonMapper.findPersonById
### Cause: java.lang.IllegalArgumentException: Mapped Statements collection does not contain value for mapper.PersonMapper.findPersonById" type="org.apache.ibatis.exceptions.PersistenceException">org.apache.ibatis.exceptions.PersistenceException: 
### Error querying database.  Cause: java.lang.IllegalArgumentException: Mapped Statements collection does not contain value for mapper.PersonMapper.findPersonById
### Cause: java.lang.IllegalArgumentException: Mapped Statements collection does not contain value for mapper.PersonMapper.findPersonById
	at org.apache.ibatis.exceptions.ExceptionFactory.wrapException(ExceptionFactory.java:30)
	at org.apache.ibatis.session.defaults.DefaultSqlSession.selectList(DefaultSqlSession.java:153)
	at org.apache.ibatis.session.defaults.DefaultSqlSession.selectList(DefaultSqlSession.java:145)
	at org.apache.ibatis.session.defaults.DefaultSqlSession.selectList(DefaultSqlSession.java:140)
	at org.apache.ibatis.session.defaults.DefaultSqlSession.selectOne(DefaultSqlSession.java:76)
	at Test.MyBatisTest.findPersonByIdTest(MyBatisTest.java:131)
	at java.base/jdk.internal.reflect.DirectMethodHandleAccessor.invoke(DirectMethodHandleAccessor.java:104)
	at java.base/java.lang.reflect.Method.invoke(Method.java:577)
	at org.junit.runners.model.FrameworkMethod$1.runReflectiveCall(FrameworkMethod.java:59)
	at org.junit.internal.runners.model.ReflectiveCallable.run(ReflectiveCallable.java:12)
	at org.junit.runners.model.FrameworkMethod.invokeExplosively(FrameworkMethod.java:56)
	at org.junit.internal.runners.statements.InvokeMethod.evaluate(InvokeMethod.java:17)
	at org.junit.internal.runners.statements.RunBefores.evaluate(RunBefores.java:26)
	at org.junit.internal.runners.statements.RunAfters.evaluate(RunAfters.java:27)
	at org.junit.runners.ParentRunner$3.evaluate(ParentRunner.java:306)
	at org.junit.runners.BlockJUnit4ClassRunner$1.evaluate(BlockJUnit4ClassRunner.java:100)
	at org.junit.runners.ParentRunner.runLeaf(ParentRunner.java:366)
	at org.junit.runners.BlockJUnit4ClassRunner.runChild(BlockJUnit4ClassRunner.java:103)
	at org.junit.runners.BlockJUnit4ClassRunner.runChild(BlockJUnit4ClassRunner.java:63)
	at org.junit.runners.ParentRunner$4.run(ParentRunner.java:331)
	at org.junit.runners.ParentRunner$1.schedule(ParentRunner.java:79)
	at org.junit.runners.ParentRunner.runChildren(ParentRunner.java:329)
	at org.junit.runners.ParentRunner.access$100(ParentRunner.java:66)
	at org.junit.runners.ParentRunner$2.evaluate(ParentRunner.java:293)
	at org.junit.runners.ParentRunner$3.evaluate(ParentRunner.java:306)
	at org.junit.runners.ParentRunner.run(ParentRunner.java:413)
	at org.apache.maven.surefire.junit4.JUnit4Provider.execute(JUnit4Provider.java:252)
	at org.apache.maven.surefire.junit4.JUnit4Provider.executeTestSet(JUnit4Provider.java:141)
	at org.apache.maven.surefire.junit4.JUnit4Provider.invoke(JUnit4Provider.java:112)
	at java.base/jdk.internal.reflect.DirectMethodHandleAccessor.invoke(DirectMethodHandleAccessor.java:104)
	at java.base/java.lang.reflect.Method.invoke(Method.java:577)
	at org.apache.maven.surefire.util.ReflectionUtils.invokeMethodWithArray(ReflectionUtils.java:189)
	at org.apache.maven.surefire.booter.ProviderFactory$ProviderProxy.invoke(ProviderFactory.java:165)
	at org.apache.maven.surefire.booter.ProviderFactory.invokeProvider(ProviderFactory.java:85)
	at org.apache.maven.surefire.booter.ForkedBooter.runSuitesInProcess(ForkedBooter.java:115)
	at org.apache.maven.surefire.booter.ForkedBooter.main(ForkedBooter.java:75)
Caused by: java.lang.IllegalArgumentException: Mapped Statements collection does not contain value for mapper.PersonMapper.findPersonById
	at org.apache.ibatis.session.Configuration$StrictMap.get(Configuration.java:1063)
	at org.apache.ibatis.session.Configuration.getMappedStatement(Configuration.java:853)
	at org.apache.ibatis.session.Configuration.getMappedStatement(Configuration.java:846)
	at org.apache.ibatis.session.defaults.DefaultSqlSession.selectList(DefaultSqlSession.java:150)
	... 34 more
</error>
    <system-out>2022-08-29 15:17:03,408[main]DEBUG[org.apache.ibatis.io.ResolverUtil]-Checking to see if class pojo.User matches criteria [is assignable to Object]
2022-08-29 15:17:03,408[main]DEBUG[org.apache.ibatis.io.ResolverUtil]-Checking to see if class pojo.Student matches criteria [is assignable to Object]
2022-08-29 15:17:03,408[main]DEBUG[org.apache.ibatis.io.ResolverUtil]-Checking to see if class pojo.Customer matches criteria [is assignable to Object]
2022-08-29 15:17:03,408[main]DEBUG[org.apache.ibatis.io.ResolverUtil]-Checking to see if class pojo.IdCard matches criteria [is assignable to Object]
2022-08-29 15:17:03,408[main]DEBUG[org.apache.ibatis.io.ResolverUtil]-Checking to see if class pojo.Person matches criteria [is assignable to Object]
2022-08-29 15:17:03,408[main]DEBUG[org.apache.ibatis.io.ResolverUtil]-Checking to see if class pojo.Orders matches criteria [is assignable to Object]
2022-08-29 15:17:03,408[main]DEBUG[org.apache.ibatis.io.ResolverUtil]-Checking to see if class pojo.Product matches criteria [is assignable to Object]
2022-08-29 15:17:03,408[main]DEBUG[org.apache.ibatis.io.ResolverUtil]-Checking to see if class pojo.Users matches criteria [is assignable to Object]
2022-08-29 15:17:03,409[main]DEBUG[org.apache.ibatis.io.ResolverUtil]-Checking to see if class pojo.Book matches criteria [is assignable to Object]
2022-08-29 15:17:03,409[main]DEBUG[org.apache.ibatis.io.ResolverUtil]-Checking to see if class pojo.Worker matches criteria [is assignable to Object]
2022-08-29 15:17:03,410[main]DEBUG[org.apache.ibatis.datasource.pooled.PooledDataSource]-PooledDataSource forcefully closed/removed all connections.
2022-08-29 15:17:03,411[main]DEBUG[org.apache.ibatis.datasource.pooled.PooledDataSource]-PooledDataSource forcefully closed/removed all connections.
2022-08-29 15:17:03,411[main]DEBUG[org.apache.ibatis.datasource.pooled.PooledDataSource]-PooledDataSource forcefully closed/removed all connections.
2022-08-29 15:17:03,411[main]DEBUG[org.apache.ibatis.datasource.pooled.PooledDataSource]-PooledDataSource forcefully closed/removed all connections.
2022-08-29 15:17:03,433[main]DEBUG[org.apache.ibatis.io.ResolverUtil]-Checking to see if class mapper.UserMapperTest matches criteria [is assignable to Object]
2022-08-29 15:17:03,433[main]DEBUG[org.apache.ibatis.io.ResolverUtil]-Checking to see if class mapper.UserMapper matches criteria [is assignable to Object]
</system-out>
  </testcase>
  <testcase classname="Test.MyBatisTest" name="findPersonByIdG2Test" time="0.023">
    <error message="
### Error querying database.  Cause: java.lang.IllegalArgumentException: Mapped Statements collection does not contain value for mapper.PersonMapper.findPersonByIdG2
### Cause: java.lang.IllegalArgumentException: Mapped Statements collection does not contain value for mapper.PersonMapper.findPersonByIdG2" type="org.apache.ibatis.exceptions.PersistenceException">org.apache.ibatis.exceptions.PersistenceException: 
### Error querying database.  Cause: java.lang.IllegalArgumentException: Mapped Statements collection does not contain value for mapper.PersonMapper.findPersonByIdG2
### Cause: java.lang.IllegalArgumentException: Mapped Statements collection does not contain value for mapper.PersonMapper.findPersonByIdG2
	at org.apache.ibatis.exceptions.ExceptionFactory.wrapException(ExceptionFactory.java:30)
	at org.apache.ibatis.session.defaults.DefaultSqlSession.selectList(DefaultSqlSession.java:153)
	at org.apache.ibatis.session.defaults.DefaultSqlSession.selectList(DefaultSqlSession.java:145)
	at org.apache.ibatis.session.defaults.DefaultSqlSession.selectList(DefaultSqlSession.java:140)
	at org.apache.ibatis.session.defaults.DefaultSqlSession.selectOne(DefaultSqlSession.java:76)
	at Test.MyBatisTest.findPersonByIdG2Test(MyBatisTest.java:137)
	at java.base/jdk.internal.reflect.DirectMethodHandleAccessor.invoke(DirectMethodHandleAccessor.java:104)
	at java.base/java.lang.reflect.Method.invoke(Method.java:577)
	at org.junit.runners.model.FrameworkMethod$1.runReflectiveCall(FrameworkMethod.java:59)
	at org.junit.internal.runners.model.ReflectiveCallable.run(ReflectiveCallable.java:12)
	at org.junit.runners.model.FrameworkMethod.invokeExplosively(FrameworkMethod.java:56)
	at org.junit.internal.runners.statements.InvokeMethod.evaluate(InvokeMethod.java:17)
	at org.junit.internal.runners.statements.RunBefores.evaluate(RunBefores.java:26)
	at org.junit.internal.runners.statements.RunAfters.evaluate(RunAfters.java:27)
	at org.junit.runners.ParentRunner$3.evaluate(ParentRunner.java:306)
	at org.junit.runners.BlockJUnit4ClassRunner$1.evaluate(BlockJUnit4ClassRunner.java:100)
	at org.junit.runners.ParentRunner.runLeaf(ParentRunner.java:366)
	at org.junit.runners.BlockJUnit4ClassRunner.runChild(BlockJUnit4ClassRunner.java:103)
	at org.junit.runners.BlockJUnit4ClassRunner.runChild(BlockJUnit4ClassRunner.java:63)
	at org.junit.runners.ParentRunner$4.run(ParentRunner.java:331)
	at org.junit.runners.ParentRunner$1.schedule(ParentRunner.java:79)
	at org.junit.runners.ParentRunner.runChildren(ParentRunner.java:329)
	at org.junit.runners.ParentRunner.access$100(ParentRunner.java:66)
	at org.junit.runners.ParentRunner$2.evaluate(ParentRunner.java:293)
	at org.junit.runners.ParentRunner$3.evaluate(ParentRunner.java:306)
	at org.junit.runners.ParentRunner.run(ParentRunner.java:413)
	at org.apache.maven.surefire.junit4.JUnit4Provider.execute(JUnit4Provider.java:252)
	at org.apache.maven.surefire.junit4.JUnit4Provider.executeTestSet(JUnit4Provider.java:141)
	at org.apache.maven.surefire.junit4.JUnit4Provider.invoke(JUnit4Provider.java:112)
	at java.base/jdk.internal.reflect.DirectMethodHandleAccessor.invoke(DirectMethodHandleAccessor.java:104)
	at java.base/java.lang.reflect.Method.invoke(Method.java:577)
	at org.apache.maven.surefire.util.ReflectionUtils.invokeMethodWithArray(ReflectionUtils.java:189)
	at org.apache.maven.surefire.booter.ProviderFactory$ProviderProxy.invoke(ProviderFactory.java:165)
	at org.apache.maven.surefire.booter.ProviderFactory.invokeProvider(ProviderFactory.java:85)
	at org.apache.maven.surefire.booter.ForkedBooter.runSuitesInProcess(ForkedBooter.java:115)
	at org.apache.maven.surefire.booter.ForkedBooter.main(ForkedBooter.java:75)
Caused by: java.lang.IllegalArgumentException: Mapped Statements collection does not contain value for mapper.PersonMapper.findPersonByIdG2
	at org.apache.ibatis.session.Configuration$StrictMap.get(Configuration.java:1063)
	at org.apache.ibatis.session.Configuration.getMappedStatement(Configuration.java:853)
	at org.apache.ibatis.session.Configuration.getMappedStatement(Configuration.java:846)
	at org.apache.ibatis.session.defaults.DefaultSqlSession.selectList(DefaultSqlSession.java:150)
	... 34 more
</error>
    <system-out>2022-08-29 15:17:03,444[main]DEBUG[org.apache.ibatis.io.ResolverUtil]-Checking to see if class pojo.User matches criteria [is assignable to Object]
2022-08-29 15:17:03,444[main]DEBUG[org.apache.ibatis.io.ResolverUtil]-Checking to see if class pojo.Student matches criteria [is assignable to Object]
2022-08-29 15:17:03,444[main]DEBUG[org.apache.ibatis.io.ResolverUtil]-Checking to see if class pojo.Customer matches criteria [is assignable to Object]
2022-08-29 15:17:03,444[main]DEBUG[org.apache.ibatis.io.ResolverUtil]-Checking to see if class pojo.IdCard matches criteria [is assignable to Object]
2022-08-29 15:17:03,444[main]DEBUG[org.apache.ibatis.io.ResolverUtil]-Checking to see if class pojo.Person matches criteria [is assignable to Object]
2022-08-29 15:17:03,444[main]DEBUG[org.apache.ibatis.io.ResolverUtil]-Checking to see if class pojo.Orders matches criteria [is assignable to Object]
2022-08-29 15:17:03,444[main]DEBUG[org.apache.ibatis.io.ResolverUtil]-Checking to see if class pojo.Product matches criteria [is assignable to Object]
2022-08-29 15:17:03,444[main]DEBUG[org.apache.ibatis.io.ResolverUtil]-Checking to see if class pojo.Users matches criteria [is assignable to Object]
2022-08-29 15:17:03,444[main]DEBUG[org.apache.ibatis.io.ResolverUtil]-Checking to see if class pojo.Book matches criteria [is assignable to Object]
2022-08-29 15:17:03,444[main]DEBUG[org.apache.ibatis.io.ResolverUtil]-Checking to see if class pojo.Worker matches criteria [is assignable to Object]
2022-08-29 15:17:03,446[main]DEBUG[org.apache.ibatis.datasource.pooled.PooledDataSource]-PooledDataSource forcefully closed/removed all connections.
2022-08-29 15:17:03,446[main]DEBUG[org.apache.ibatis.datasource.pooled.PooledDataSource]-PooledDataSource forcefully closed/removed all connections.
2022-08-29 15:17:03,446[main]DEBUG[org.apache.ibatis.datasource.pooled.PooledDataSource]-PooledDataSource forcefully closed/removed all connections.
2022-08-29 15:17:03,446[main]DEBUG[org.apache.ibatis.datasource.pooled.PooledDataSource]-PooledDataSource forcefully closed/removed all connections.
2022-08-29 15:17:03,451[Finalizer]DEBUG[org.apache.ibatis.datasource.pooled.PooledDataSource]-PooledDataSource forcefully closed/removed all connections.
2022-08-29 15:17:03,451[Finalizer]DEBUG[org.apache.ibatis.datasource.pooled.PooledDataSource]-PooledDataSource forcefully closed/removed all connections.
2022-08-29 15:17:03,451[Finalizer]DEBUG[org.apache.ibatis.datasource.pooled.PooledDataSource]-PooledDataSource forcefully closed/removed all connections.
2022-08-29 15:17:03,460[main]DEBUG[org.apache.ibatis.io.ResolverUtil]-Checking to see if class mapper.UserMapperTest matches criteria [is assignable to Object]
2022-08-29 15:17:03,460[main]DEBUG[org.apache.ibatis.io.ResolverUtil]-Checking to see if class mapper.UserMapper matches criteria [is assignable to Object]
</system-out>
  </testcase>
  <testcase classname="Test.MyBatisTest" name="findUserWithOrdersByIdTest" time="0.018">
    <error message="
### Error querying database.  Cause: java.lang.IllegalArgumentException: Mapped Statements collection does not contain value for mapper.UsersMapper.findUserWithOrdersById
### Cause: java.lang.IllegalArgumentException: Mapped Statements collection does not contain value for mapper.UsersMapper.findUserWithOrdersById" type="org.apache.ibatis.exceptions.PersistenceException">org.apache.ibatis.exceptions.PersistenceException: 
### Error querying database.  Cause: java.lang.IllegalArgumentException: Mapped Statements collection does not contain value for mapper.UsersMapper.findUserWithOrdersById
### Cause: java.lang.IllegalArgumentException: Mapped Statements collection does not contain value for mapper.UsersMapper.findUserWithOrdersById
	at org.apache.ibatis.exceptions.ExceptionFactory.wrapException(ExceptionFactory.java:30)
	at org.apache.ibatis.session.defaults.DefaultSqlSession.selectList(DefaultSqlSession.java:153)
	at org.apache.ibatis.session.defaults.DefaultSqlSession.selectList(DefaultSqlSession.java:145)
	at org.apache.ibatis.session.defaults.DefaultSqlSession.selectList(DefaultSqlSession.java:140)
	at org.apache.ibatis.session.defaults.DefaultSqlSession.selectOne(DefaultSqlSession.java:76)
	at Test.MyBatisTest.findUserWithOrdersByIdTest(MyBatisTest.java:143)
	at java.base/jdk.internal.reflect.DirectMethodHandleAccessor.invoke(DirectMethodHandleAccessor.java:104)
	at java.base/java.lang.reflect.Method.invoke(Method.java:577)
	at org.junit.runners.model.FrameworkMethod$1.runReflectiveCall(FrameworkMethod.java:59)
	at org.junit.internal.runners.model.ReflectiveCallable.run(ReflectiveCallable.java:12)
	at org.junit.runners.model.FrameworkMethod.invokeExplosively(FrameworkMethod.java:56)
	at org.junit.internal.runners.statements.InvokeMethod.evaluate(InvokeMethod.java:17)
	at org.junit.internal.runners.statements.RunBefores.evaluate(RunBefores.java:26)
	at org.junit.internal.runners.statements.RunAfters.evaluate(RunAfters.java:27)
	at org.junit.runners.ParentRunner$3.evaluate(ParentRunner.java:306)
	at org.junit.runners.BlockJUnit4ClassRunner$1.evaluate(BlockJUnit4ClassRunner.java:100)
	at org.junit.runners.ParentRunner.runLeaf(ParentRunner.java:366)
	at org.junit.runners.BlockJUnit4ClassRunner.runChild(BlockJUnit4ClassRunner.java:103)
	at org.junit.runners.BlockJUnit4ClassRunner.runChild(BlockJUnit4ClassRunner.java:63)
	at org.junit.runners.ParentRunner$4.run(ParentRunner.java:331)
	at org.junit.runners.ParentRunner$1.schedule(ParentRunner.java:79)
	at org.junit.runners.ParentRunner.runChildren(ParentRunner.java:329)
	at org.junit.runners.ParentRunner.access$100(ParentRunner.java:66)
	at org.junit.runners.ParentRunner$2.evaluate(ParentRunner.java:293)
	at org.junit.runners.ParentRunner$3.evaluate(ParentRunner.java:306)
	at org.junit.runners.ParentRunner.run(ParentRunner.java:413)
	at org.apache.maven.surefire.junit4.JUnit4Provider.execute(JUnit4Provider.java:252)
	at org.apache.maven.surefire.junit4.JUnit4Provider.executeTestSet(JUnit4Provider.java:141)
	at org.apache.maven.surefire.junit4.JUnit4Provider.invoke(JUnit4Provider.java:112)
	at java.base/jdk.internal.reflect.DirectMethodHandleAccessor.invoke(DirectMethodHandleAccessor.java:104)
	at java.base/java.lang.reflect.Method.invoke(Method.java:577)
	at org.apache.maven.surefire.util.ReflectionUtils.invokeMethodWithArray(ReflectionUtils.java:189)
	at org.apache.maven.surefire.booter.ProviderFactory$ProviderProxy.invoke(ProviderFactory.java:165)
	at org.apache.maven.surefire.booter.ProviderFactory.invokeProvider(ProviderFactory.java:85)
	at org.apache.maven.surefire.booter.ForkedBooter.runSuitesInProcess(ForkedBooter.java:115)
	at org.apache.maven.surefire.booter.ForkedBooter.main(ForkedBooter.java:75)
Caused by: java.lang.IllegalArgumentException: Mapped Statements collection does not contain value for mapper.UsersMapper.findUserWithOrdersById
	at org.apache.ibatis.session.Configuration$StrictMap.get(Configuration.java:1063)
	at org.apache.ibatis.session.Configuration.getMappedStatement(Configuration.java:853)
	at org.apache.ibatis.session.Configuration.getMappedStatement(Configuration.java:846)
	at org.apache.ibatis.session.defaults.DefaultSqlSession.selectList(DefaultSqlSession.java:150)
	... 34 more
</error>
    <system-out>2022-08-29 15:17:03,466[main]DEBUG[org.apache.ibatis.io.ResolverUtil]-Checking to see if class pojo.User matches criteria [is assignable to Object]
2022-08-29 15:17:03,466[main]DEBUG[org.apache.ibatis.io.ResolverUtil]-Checking to see if class pojo.Student matches criteria [is assignable to Object]
2022-08-29 15:17:03,466[main]DEBUG[org.apache.ibatis.io.ResolverUtil]-Checking to see if class pojo.Customer matches criteria [is assignable to Object]
2022-08-29 15:17:03,466[main]DEBUG[org.apache.ibatis.io.ResolverUtil]-Checking to see if class pojo.IdCard matches criteria [is assignable to Object]
2022-08-29 15:17:03,466[main]DEBUG[org.apache.ibatis.io.ResolverUtil]-Checking to see if class pojo.Person matches criteria [is assignable to Object]
2022-08-29 15:17:03,466[main]DEBUG[org.apache.ibatis.io.ResolverUtil]-Checking to see if class pojo.Orders matches criteria [is assignable to Object]
2022-08-29 15:17:03,466[main]DEBUG[org.apache.ibatis.io.ResolverUtil]-Checking to see if class pojo.Product matches criteria [is assignable to Object]
2022-08-29 15:17:03,466[main]DEBUG[org.apache.ibatis.io.ResolverUtil]-Checking to see if class pojo.Users matches criteria [is assignable to Object]
2022-08-29 15:17:03,466[main]DEBUG[org.apache.ibatis.io.ResolverUtil]-Checking to see if class pojo.Book matches criteria [is assignable to Object]
2022-08-29 15:17:03,466[main]DEBUG[org.apache.ibatis.io.ResolverUtil]-Checking to see if class pojo.Worker matches criteria [is assignable to Object]
2022-08-29 15:17:03,467[main]DEBUG[org.apache.ibatis.datasource.pooled.PooledDataSource]-PooledDataSource forcefully closed/removed all connections.
2022-08-29 15:17:03,467[main]DEBUG[org.apache.ibatis.datasource.pooled.PooledDataSource]-PooledDataSource forcefully closed/removed all connections.
2022-08-29 15:17:03,467[main]DEBUG[org.apache.ibatis.datasource.pooled.PooledDataSource]-PooledDataSource forcefully closed/removed all connections.
2022-08-29 15:17:03,467[main]DEBUG[org.apache.ibatis.datasource.pooled.PooledDataSource]-PooledDataSource forcefully closed/removed all connections.
2022-08-29 15:17:03,478[main]DEBUG[org.apache.ibatis.io.ResolverUtil]-Checking to see if class mapper.UserMapperTest matches criteria [is assignable to Object]
2022-08-29 15:17:03,478[main]DEBUG[org.apache.ibatis.io.ResolverUtil]-Checking to see if class mapper.UserMapper matches criteria [is assignable to Object]
</system-out>
  </testcase>
  <testcase classname="Test.MyBatisTest" name="findByMapTest" time="0.021"/>
</testsuite>