<?xml version="1.0" encoding="UTF-8" ?>
<testsuite tests="5" failures="0" name="dao.WorkerMapperTest" time="0.019" errors="1" skipped="0">
  <properties>
[...]
</properties>
  <testcase classname="dao.WorkerMapperTest" name="findWorkerTest" time="0.003"/>
  <testcase classname="dao.WorkerMapperTest" name="deleteWorker" time="0.002"/>
  <testcase classname="dao.WorkerMapperTest" name="updateWorkTest" time="0.002"/>
  <testcase classname="dao.WorkerMapperTest" name="findWorkerByIdAndNameTest" time="0.007"/>
  <testcase classname="dao.WorkerMapperTest" name="insertWorkTest" time="0.005">
    <error message="
### Error updating database.  Cause: java.sql.SQLIntegrityConstraintViolationException: (conn=1182) Duplicate entry &apos;1003&apos; for key &apos;work_id&apos;
### The error may exist in dao/WorkerMapper.java (best guess)
### The error may involve dao.WorkerMapper.insertWorker-Inline
### The error occurred while setting parameters
### SQL: insert into tb_worker(name, age, sex, work_id) values(?, ?, ?, ?)
### Cause: java.sql.SQLIntegrityConstraintViolationException: (conn=1182) Duplicate entry &apos;1003&apos; for key &apos;work_id&apos;" type="org.apache.ibatis.exceptions.PersistenceException">org.apache.ibatis.exceptions.PersistenceException: 
### Error updating database.  Cause: java.sql.SQLIntegrityConstraintViolationException: (conn=1182) Duplicate entry &apos;1003&apos; for key &apos;work_id&apos;
### The error may exist in dao/WorkerMapper.java (best guess)
### The error may involve dao.WorkerMapper.insertWorker-Inline
### The error occurred while setting parameters
### SQL: insert into tb_worker(name, age, sex, work_id) values(?, ?, ?, ?)
### Cause: java.sql.SQLIntegrityConstraintViolationException: (conn=1182) Duplicate entry &apos;1003&apos; for key &apos;work_id&apos;
	at org.apache.ibatis.exceptions.ExceptionFactory.wrapException(ExceptionFactory.java:30)
	at org.apache.ibatis.session.defaults.DefaultSqlSession.update(DefaultSqlSession.java:196)
	at org.apache.ibatis.session.defaults.DefaultSqlSession.insert(DefaultSqlSession.java:181)
	at org.apache.ibatis.binding.MapperMethod.execute(MapperMethod.java:62)
	at org.apache.ibatis.binding.MapperProxy$PlainMethodInvoker.invoke(MapperProxy.java:145)
	at org.apache.ibatis.binding.MapperProxy.invoke(MapperProxy.java:86)
	at jdk.proxy2/jdk.proxy2.$Proxy23.insertWorker(Unknown Source)
	at dao.WorkerMapperTest.insertWorkTest(WorkerMapperTest.java:37)
	at java.base/jdk.internal.reflect.DirectMethodHandleAccessor.invoke(DirectMethodHandleAccessor.java:104)
	at java.base/java.lang.reflect.Method.invoke(Method.java:577)
	at org.junit.runners.model.FrameworkMethod$1.runReflectiveCall(FrameworkMethod.java:59)
	at org.junit.internal.runners.model.ReflectiveCallable.run(ReflectiveCallable.java:12)
	at org.junit.runners.model.FrameworkMethod.invokeExplosively(FrameworkMethod.java:56)
	at org.junit.internal.runners.statements.InvokeMethod.evaluate(InvokeMethod.java:17)
	at org.junit.internal.runners.statements.RunBefores.evaluate(RunBefores.java:26)
	at org.junit.internal.runners.statements.RunAfters.evaluate(RunAfters.java:27)
	at org.junit.runners.ParentRunner$3.evaluate(ParentRunner.java:306)
	at org.junit.runners.BlockJUnit4ClassRunner$1.evaluate(BlockJUnit4ClassRunner.java:100)
	at org.junit.runners.ParentRunner.runLeaf(ParentRunner.java:366)
	at org.junit.runners.BlockJUnit4ClassRunner.runChild(BlockJUnit4ClassRunner.java:103)
	at org.junit.runners.BlockJUnit4ClassRunner.runChild(BlockJUnit4ClassRunner.java:63)
	at org.junit.runners.ParentRunner$4.run(ParentRunner.java:331)
	at org.junit.runners.ParentRunner$1.schedule(ParentRunner.java:79)
	at org.junit.runners.ParentRunner.runChildren(ParentRunner.java:329)
	at org.junit.runners.ParentRunner.access$100(ParentRunner.java:66)
	at org.junit.runners.ParentRunner$2.evaluate(ParentRunner.java:293)
	at org.junit.runners.ParentRunner$3.evaluate(ParentRunner.java:306)
	at org.junit.runners.ParentRunner.run(ParentRunner.java:413)
	at org.apache.maven.surefire.junit4.JUnit4Provider.execute(JUnit4Provider.java:252)
	at org.apache.maven.surefire.junit4.JUnit4Provider.executeTestSet(JUnit4Provider.java:141)
	at org.apache.maven.surefire.junit4.JUnit4Provider.invoke(JUnit4Provider.java:112)
	at java.base/jdk.internal.reflect.DirectMethodHandleAccessor.invoke(DirectMethodHandleAccessor.java:104)
	at java.base/java.lang.reflect.Method.invoke(Method.java:577)
	at org.apache.maven.surefire.util.ReflectionUtils.invokeMethodWithArray(ReflectionUtils.java:189)
	at org.apache.maven.surefire.booter.ProviderFactory$ProviderProxy.invoke(ProviderFactory.java:165)
	at org.apache.maven.surefire.booter.ProviderFactory.invokeProvider(ProviderFactory.java:85)
	at org.apache.maven.surefire.booter.ForkedBooter.runSuitesInProcess(ForkedBooter.java:115)
	at org.apache.maven.surefire.booter.ForkedBooter.main(ForkedBooter.java:75)
Caused by: java.sql.SQLIntegrityConstraintViolationException: (conn=1182) Duplicate entry &apos;1003&apos; for key &apos;work_id&apos;
	at org.mariadb.jdbc.export.ExceptionFactory.createException(ExceptionFactory.java:288)
	at org.mariadb.jdbc.export.ExceptionFactory.create(ExceptionFactory.java:368)
	at org.mariadb.jdbc.message.ClientMessage.readPacket(ClientMessage.java:137)
	at org.mariadb.jdbc.client.impl.StandardClient.readPacket(StandardClient.java:833)
	at org.mariadb.jdbc.client.impl.StandardClient.readResults(StandardClient.java:772)
	at org.mariadb.jdbc.client.impl.StandardClient.readResponse(StandardClient.java:691)
	at org.mariadb.jdbc.client.impl.StandardClient.execute(StandardClient.java:634)
	at org.mariadb.jdbc.ClientPreparedStatement.executeInternal(ClientPreparedStatement.java:95)
	at org.mariadb.jdbc.ClientPreparedStatement.execute(ClientPreparedStatement.java:268)
	at java.base/jdk.internal.reflect.DirectMethodHandleAccessor.invoke(DirectMethodHandleAccessor.java:104)
	at java.base/java.lang.reflect.Method.invoke(Method.java:577)
	at org.apache.ibatis.logging.jdbc.PreparedStatementLogger.invoke(PreparedStatementLogger.java:59)
	at jdk.proxy3/jdk.proxy3.$Proxy20.execute(Unknown Source)
	at org.apache.ibatis.executor.statement.PreparedStatementHandler.update(PreparedStatementHandler.java:47)
	at org.apache.ibatis.executor.statement.RoutingStatementHandler.update(RoutingStatementHandler.java:74)
	at org.apache.ibatis.executor.SimpleExecutor.doUpdate(SimpleExecutor.java:50)
	at org.apache.ibatis.executor.BaseExecutor.update(BaseExecutor.java:117)
	at org.apache.ibatis.executor.CachingExecutor.update(CachingExecutor.java:76)
	at org.apache.ibatis.session.defaults.DefaultSqlSession.update(DefaultSqlSession.java:194)
	... 36 more
</error>
    <system-out>2022-08-29 15:17:03,652[main]DEBUG[org.apache.ibatis.transaction.jdbc.JdbcTransaction]-Opening JDBC Connection
2022-08-29 15:17:03,652[main]DEBUG[org.apache.ibatis.datasource.pooled.PooledDataSource]-Checked out connection 976827477 from pool.
2022-08-29 15:17:03,652[main]DEBUG[org.apache.ibatis.transaction.jdbc.JdbcTransaction]-Setting autocommit to false on JDBC Connection [org.mariadb.jdbc.Connection@3a393455]
2022-08-29 15:17:03,652[main]DEBUG[org.mariadb.jdbc.client.impl.StandardClient]-execute query: set autocommit=0
2022-08-29 15:17:03,652[main]DEBUG[org.mariadb.jdbc.message.server.OkPacket]-System variable change:  autocommit = OFF
2022-08-29 15:17:03,652[main]DEBUG[dao.WorkerMapper.insertWorker]-==&gt;  Preparing: insert into tb_worker(name, age, sex, work_id) values(?, ?, ?, ?)
2022-08-29 15:17:03,652[main]DEBUG[dao.WorkerMapper.insertWorker]-==&gt; Parameters: 王五(String), 23(Integer), 男(String), 1003(Integer)
2022-08-29 15:17:03,652[main]DEBUG[org.mariadb.jdbc.client.impl.StandardClient]-execute query: insert into tb_worker(name, age, sex, work_id) values(?, ?, ?, ?)
2022-08-29 15:17:03,653[main]WARN [org.mariadb.jdbc.message.server.ErrorPacket]-Error: 1062-23000: Duplicate entry &apos;1003&apos; for key &apos;work_id&apos;
2022-08-29 15:17:03,655[main]DEBUG[org.apache.ibatis.transaction.jdbc.JdbcTransaction]-Committing JDBC Connection [org.mariadb.jdbc.Connection@3a393455]
2022-08-29 15:17:03,655[main]DEBUG[org.mariadb.jdbc.client.impl.StandardClient]-execute query: COMMIT
2022-08-29 15:17:03,655[main]DEBUG[org.apache.ibatis.transaction.jdbc.JdbcTransaction]-Resetting autocommit to true on JDBC Connection [org.mariadb.jdbc.Connection@3a393455]
2022-08-29 15:17:03,655[main]DEBUG[org.mariadb.jdbc.client.impl.StandardClient]-execute query: set autocommit=1
2022-08-29 15:17:03,655[main]DEBUG[org.mariadb.jdbc.message.server.OkPacket]-System variable change:  autocommit = ON
2022-08-29 15:17:03,655[main]DEBUG[org.apache.ibatis.transaction.jdbc.JdbcTransaction]-Closing JDBC Connection [org.mariadb.jdbc.Connection@3a393455]
2022-08-29 15:17:03,655[main]DEBUG[org.apache.ibatis.datasource.pooled.PooledDataSource]-Returned connection 976827477 to pool.
</system-out>
  </testcase>
</testsuite>